I, [2014-05-12T15:20:27.648465 #1067]  INFO -- Kitchen: -----> Starting Kitchen (v1.2.1)
I, [2014-05-12T15:20:29.301761 #1067]  INFO -- Kitchen: -----> Creating <sidekiq-centos-65>...
I, [2014-05-12T15:21:16.403894 #1067]  INFO -- Kitchen: -----> Converging <sidekiq-centos-65>...
E, [2014-05-12T15:22:15.164125 #1067] ERROR -- Kitchen: Converge failed on instance <sidekiq-centos-65>.
I, [2014-05-12T15:47:23.067614 #3346]  INFO -- Kitchen: -----> Starting Kitchen (v1.2.1)
I, [2014-05-12T15:47:24.700909 #3346]  INFO -- Kitchen: -----> Converging <sidekiq-centos-65>...
E, [2014-05-12T15:47:53.946472 #3346] ERROR -- Kitchen: Converge failed on instance <sidekiq-centos-65>.
I, [2014-05-12T15:48:33.897380 #3446]  INFO -- Kitchen: -----> Starting Kitchen (v1.2.1)
I, [2014-05-12T15:48:35.298210 #3446]  INFO -- Kitchen: -----> Converging <sidekiq-centos-65>...
E, [2014-05-12T15:49:04.022492 #3446] ERROR -- Kitchen: Converge failed on instance <sidekiq-centos-65>.
I, [2014-05-12T15:51:44.285682 #3613]  INFO -- Kitchen: -----> Starting Kitchen (v1.2.1)
I, [2014-05-12T15:51:45.600612 #3613]  INFO -- Kitchen: -----> Converging <sidekiq-centos-65>...
E, [2014-05-12T15:52:14.135629 #3613] ERROR -- Kitchen: Converge failed on instance <sidekiq-centos-65>.
I, [2014-05-12T15:52:40.942014 #3726]  INFO -- Kitchen: -----> Starting Kitchen (v1.2.1)
I, [2014-05-12T15:52:42.260372 #3726]  INFO -- Kitchen: -----> Converging <sidekiq-centos-65>...
E, [2014-05-12T15:53:10.882272 #3726] ERROR -- Kitchen: Converge failed on instance <sidekiq-centos-65>.
I, [2014-05-12T15:53:32.823042 #4015]  INFO -- Kitchen: -----> Starting Kitchen (v1.2.1)
I, [2014-05-12T15:53:34.163176 #4015]  INFO -- Kitchen: -----> Converging <sidekiq-centos-65>...
E, [2014-05-12T15:54:03.141965 #4015] ERROR -- Kitchen: Converge failed on instance <sidekiq-centos-65>.
I, [2014-05-12T15:58:35.438050 #4760]  INFO -- Kitchen: -----> Starting Kitchen (v1.2.1)
I, [2014-05-12T15:58:36.754646 #4760]  INFO -- Kitchen: -----> Converging <sidekiq-centos-65>...
E, [2014-05-12T15:58:57.060739 #4760] ERROR -- Kitchen: Converge failed on instance <sidekiq-centos-65>.
I, [2014-05-12T15:59:29.848791 #4832]  INFO -- Kitchen: -----> Starting Kitchen (v1.2.1)
I, [2014-05-12T15:59:31.166516 #4832]  INFO -- Kitchen: -----> Converging <sidekiq-centos-65>...
E, [2014-05-12T15:59:51.177040 #4832] ERROR -- Kitchen: Converge failed on instance <sidekiq-centos-65>.
I, [2014-05-12T16:00:13.952204 #4919]  INFO -- Kitchen: -----> Starting Kitchen (v1.2.1)
I, [2014-05-12T16:00:15.309536 #4919]  INFO -- Kitchen: -----> Converging <sidekiq-centos-65>...
E, [2014-05-12T16:00:35.485384 #4919] ERROR -- Kitchen: Converge failed on instance <sidekiq-centos-65>.
I, [2014-05-12T16:01:39.853891 #5044]  INFO -- Kitchen: -----> Starting Kitchen (v1.2.1)
I, [2014-05-12T16:01:41.151058 #5044]  INFO -- Kitchen: -----> Converging <sidekiq-centos-65>...
E, [2014-05-12T16:02:01.449772 #5044] ERROR -- Kitchen: Converge failed on instance <sidekiq-centos-65>.
I, [2014-05-12T16:02:38.553674 #5133]  INFO -- Kitchen: -----> Starting Kitchen (v1.2.1)
I, [2014-05-12T16:02:39.868431 #5133]  INFO -- Kitchen: -----> Converging <sidekiq-centos-65>...
E, [2014-05-12T16:03:00.240421 #5133] ERROR -- Kitchen: Converge failed on instance <sidekiq-centos-65>.
I, [2014-05-12T16:05:43.276408 #5607]  INFO -- Kitchen: -----> Starting Kitchen (v1.2.1)
I, [2014-05-12T16:05:44.611419 #5607]  INFO -- Kitchen: -----> Converging <sidekiq-centos-65>...
E, [2014-05-12T16:06:04.979547 #5607] ERROR -- Kitchen: Converge failed on instance <sidekiq-centos-65>.
I, [2014-05-12T16:07:19.012351 #5692]  INFO -- Kitchen: -----> Starting Kitchen (v1.2.1)
I, [2014-05-12T16:07:20.314877 #5692]  INFO -- Kitchen: -----> Converging <sidekiq-centos-65>...
E, [2014-05-12T16:07:40.352769 #5692] ERROR -- Kitchen: Converge failed on instance <sidekiq-centos-65>.
I, [2014-05-12T16:08:02.778647 #5769]  INFO -- Kitchen: -----> Starting Kitchen (v1.2.1)
I, [2014-05-12T16:08:04.094637 #5769]  INFO -- Kitchen: -----> Converging <sidekiq-centos-65>...
E, [2014-05-12T16:13:08.987020 #5769] ERROR -- Kitchen: Converge failed on instance <sidekiq-centos-65>.
I, [2014-05-12T16:16:20.240828 #6025]  INFO -- Kitchen: -----> Starting Kitchen (v1.2.1)
I, [2014-05-12T16:16:21.942088 #6025]  INFO -- Kitchen: -----> Converging <sidekiq-centos-65>...
E, [2014-05-12T16:16:41.007961 #6025] ERROR -- Kitchen: Converge failed on instance <sidekiq-centos-65>.
E, [2014-05-12T16:17:02.501596 #6099] ERROR -- Kitchen: 
Argument `' returned multiple results:
  * default-centos-65
  * sidekiq-centos-65


I, [2014-05-12T16:19:14.721650 #6243]  INFO -- Kitchen: -----> Starting Kitchen (v1.2.1)
I, [2014-05-12T16:19:16.069210 #6243]  INFO -- Kitchen: -----> Converging <sidekiq-centos-65>...
E, [2014-05-12T16:19:45.087385 #6243] ERROR -- Kitchen: Converge failed on instance <sidekiq-centos-65>.
I, [2014-05-12T16:20:08.209464 #6329]  INFO -- Kitchen: -----> Starting Kitchen (v1.2.1)
I, [2014-05-12T16:20:09.525638 #6329]  INFO -- Kitchen: -----> Converging <sidekiq-centos-65>...
E, [2014-05-12T16:20:34.044797 #6329] ERROR -- Kitchen: Converge failed on instance <sidekiq-centos-65>.
I, [2014-05-12T16:20:48.935959 #6424]  INFO -- Kitchen: -----> Starting Kitchen (v1.2.1)
I, [2014-05-12T16:20:50.235578 #6424]  INFO -- Kitchen: -----> Converging <sidekiq-centos-65>...
E, [2014-05-12T16:21:15.268174 #6424] ERROR -- Kitchen: Converge failed on instance <sidekiq-centos-65>.
I, [2014-05-12T16:21:28.028061 #6502]  INFO -- Kitchen: -----> Starting Kitchen (v1.2.1)
I, [2014-05-12T16:21:29.369743 #6502]  INFO -- Kitchen: -----> Converging <sidekiq-centos-65>...
I, [2014-05-12T16:21:54.999309 #6502]  INFO -- Kitchen: -----> Kitchen is finished. (0m26.97s)
E, [2014-05-12T16:22:19.303321 #6612] ERROR -- Kitchen: 
Argument `s' returned multiple results:
  * default-centos-65
  * sidekiq-centos-65


I, [2014-05-12T16:54:14.058834 #7777]  INFO -- Kitchen: -----> Starting Kitchen (v1.2.1)
I, [2014-05-12T16:54:15.376201 #7777]  INFO -- Kitchen: -----> Converging <sidekiq-centos-65>...
I, [2014-05-12T16:54:41.015254 #7777]  INFO -- Kitchen: -----> Kitchen is finished. (0m26.96s)
I, [2014-05-12T17:04:18.133418 #8676]  INFO -- Kitchen: -----> Starting Kitchen (v1.2.1)
I, [2014-05-12T17:04:19.429010 #8676]  INFO -- Kitchen: -----> Converging <sidekiq-centos-65>...
I, [2014-05-12T17:04:47.990990 #8676]  INFO -- Kitchen: -----> Kitchen is finished. (0m29.86s)
I, [2014-05-12T17:47:44.460200 #10125]  INFO -- Kitchen: -----> Starting Kitchen (v1.2.1)
I, [2014-05-12T17:47:45.789909 #10125]  INFO -- Kitchen: -----> Converging <sidekiq-centos-65>...
I, [2014-05-12T17:48:41.074605 #10125]  INFO -- Kitchen: -----> Kitchen is finished. (0m56.61s)
I, [2014-05-12T17:53:10.395000 #10310]  INFO -- Kitchen: -----> Starting Kitchen (v1.2.1)
I, [2014-05-12T17:53:11.710849 #10310]  INFO -- Kitchen: -----> Converging <sidekiq-centos-65>...
E, [2014-05-12T17:53:33.765311 #10310] ERROR -- Kitchen: Converge failed on instance <sidekiq-centos-65>.
